1655718601870	geckodriver	INFO	Listening on 127.0.0.1:56851
1655718601874	mozrunner::runner	INFO	Running command: "/usr/bin/firefox" "--marionette" "--remote-debugging-port" "45207" "--remote-allow-hosts" "localhost" "-no-remote" "-profile" "/tmp/rust_mozprofileORHZnf"
ATTENTION: default value of option mesa_glthread overridden by environment.
ATTENTION: default value of option mesa_glthread overridden by environment.
ATTENTION: default value of option mesa_glthread overridden by environment.
ATTENTION: default value of option mesa_glthread overridden by environment.
1655718602391	Marionette	INFO	Marionette enabled
WebDriver BiDi listening on ws://localhost:45207
console.warn: SearchSettings: "get: No settings file exists, new profile?" (new NotFoundError("Could not open the file at /tmp/rust_mozprofileORHZnf/search.json.mozlz4", (void 0)))
Missing chrome or resource URL: resource://gre/modules/UpdateListener.jsm
1655718603217	Marionette	INFO	Listening on port 39959
DevTools listening on ws://localhost:45207/devtools/browser/a0564653-98b1-4fd7-9e0a-003d41ec12bb
Read port: 39959
1655718603298	RemoteAgent	WARN	TLS certificate errors will be ignored for this session
Missing chrome or resource URL: resource://gre/modules/UpdateListener.jsm
console.error: "Error during quit-application-granted: [Exception... \"File error: Not found\"  nsresult: \"0x80520012 (NS_ERROR_FILE_NOT_FOUND)\"  location: \"JS frame :: resource:///modules/BrowserGlue.jsm :: _onQuitApplicationGranted/tasks< :: line 1969\"  data: no]"
1655718621456	Marionette	INFO	Stopped listening on port 39959
console.warn: TopSitesFeed: Failed to fetch data from Contile server: NetworkError when attempting to fetch resource.

###!!! [Parent][PImageBridgeParent] Error: RunMessage(msgname=PImageBridge::Msg_WillClose) Channel closing: too late to send/recv, messages will be lost

Sandbox: Unexpected EOF, op 0 flags 00 path /proc/cpuinfo
1655718640973	geckodriver	INFO	Listening on 127.0.0.1:55973
1655718640976	mozrunner::runner	INFO	Running command: "/usr/bin/firefox" "--marionette" "--remote-debugging-port" "36253" "--remote-allow-hosts" "localhost" "-no-remote" "-profile" "/tmp/rust_mozprofilerPJIub"
ATTENTION: default value of option mesa_glthread overridden by environment.
ATTENTION: default value of option mesa_glthread overridden by environment.
ATTENTION: default value of option mesa_glthread overridden by environment.
ATTENTION: default value of option mesa_glthread overridden by environment.
1655718641521	Marionette	INFO	Marionette enabled
WebDriver BiDi listening on ws://localhost:36253
console.warn: SearchSettings: "get: No settings file exists, new profile?" (new NotFoundError("Could not open the file at /tmp/rust_mozprofilerPJIub/search.json.mozlz4", (void 0)))
Missing chrome or resource URL: resource://gre/modules/UpdateListener.jsm
1655718642292	Marionette	INFO	Listening on port 38215
DevTools listening on ws://localhost:36253/devtools/browser/2a1bb456-6844-46f9-a1d1-76c279564060
Read port: 38215
1655718642397	RemoteAgent	WARN	TLS certificate errors will be ignored for this session
Missing chrome or resource URL: resource://gre/modules/UpdateListener.jsm
console.error: "Error during quit-application-granted: [Exception... \"File error: Not found\"  nsresult: \"0x80520012 (NS_ERROR_FILE_NOT_FOUND)\"  location: \"JS frame :: resource:///modules/BrowserGlue.jsm :: _onQuitApplicationGranted/tasks< :: line 1969\"  data: no]"
1655718653410	Marionette	INFO	Stopped listening on port 38215
console.warn: TopSitesFeed: Failed to fetch data from Contile server: NetworkError when attempting to fetch resource.

###!!! [Parent][PImageBridgeParent] Error: RunMessage(msgname=PImageBridge::Msg_WillClose) Channel closing: too late to send/recv, messages will be lost

Sandbox: Unexpected EOF, op 0 flags 00 path /proc/cpuinfo
1655738460620	geckodriver	INFO	Listening on 127.0.0.1:49901
1655738460623	mozrunner::runner	INFO	Running command: "/usr/bin/firefox" "--marionette" "--remote-debugging-port" "48229" "--remote-allow-hosts" "localhost" "-no-remote" "-profile" "/tmp/rust_mozprofile3wBHrU"
ATTENTION: default value of option mesa_glthread overridden by environment.
ATTENTION: default value of option mesa_glthread overridden by environment.
ATTENTION: default value of option mesa_glthread overridden by environment.
ATTENTION: default value of option mesa_glthread overridden by environment.
1655738461154	Marionette	INFO	Marionette enabled
WebDriver BiDi listening on ws://localhost:48229
console.warn: SearchSettings: "get: No settings file exists, new profile?" (new NotFoundError("Could not open the file at /tmp/rust_mozprofile3wBHrU/search.json.mozlz4", (void 0)))
Missing chrome or resource URL: resource://gre/modules/UpdateListener.jsm
1655738461925	Marionette	INFO	Listening on port 37637
DevTools listening on ws://localhost:48229/devtools/browser/e1bca65d-8929-4671-ada4-11dd838ef3ae
Read port: 37637
1655738462044	RemoteAgent	WARN	TLS certificate errors will be ignored for this session
Missing chrome or resource URL: resource://gre/modules/UpdateListener.jsm
console.error: "Error during quit-application-granted: [Exception... \"File error: Not found\"  nsresult: \"0x80520012 (NS_ERROR_FILE_NOT_FOUND)\"  location: \"JS frame :: resource:///modules/BrowserGlue.jsm :: _onQuitApplicationGranted/tasks< :: line 1969\"  data: no]"
1655738466554	Marionette	INFO	Stopped listening on port 37637
console.warn: TopSitesFeed: Failed to fetch data from Contile server: NetworkError when attempting to fetch resource.

###!!! [Parent][PImageBridgeParent] Error: RunMessage(msgname=PImageBridge::Msg_WillClose) Channel closing: too late to send/recv, messages will be lost

1655738467042	geckodriver::marionette	ERROR	Failed to close browser connection: Socket not connected (os error 107)
1655738470310	geckodriver	INFO	Listening on 127.0.0.1:44103
1655738470314	mozrunner::runner	INFO	Running command: "/usr/bin/firefox" "--marionette" "--remote-debugging-port" "37637" "--remote-allow-hosts" "localhost" "-no-remote" "-profile" "/tmp/rust_mozprofileNvRnEP"
ATTENTION: default value of option mesa_glthread overridden by environment.
ATTENTION: default value of option mesa_glthread overridden by environment.
ATTENTION: default value of option mesa_glthread overridden by environment.
ATTENTION: default value of option mesa_glthread overridden by environment.
1655738470836	Marionette	INFO	Marionette enabled
WebDriver BiDi listening on ws://localhost:37637
console.warn: SearchSettings: "get: No settings file exists, new profile?" (new NotFoundError("Could not open the file at /tmp/rust_mozprofileNvRnEP/search.json.mozlz4", (void 0)))
Missing chrome or resource URL: resource://gre/modules/UpdateListener.jsm
1655738471670	Marionette	INFO	Listening on port 39861
DevTools listening on ws://localhost:37637/devtools/browser/d0b18998-17ed-4763-b060-187f341d0e4f
Read port: 39861
1655738471730	RemoteAgent	WARN	TLS certificate errors will be ignored for this session
Missing chrome or resource URL: resource://gre/modules/UpdateListener.jsm
console.error: "Error during quit-application-granted: [Exception... \"File error: Not found\"  nsresult: \"0x80520012 (NS_ERROR_FILE_NOT_FOUND)\"  location: \"JS frame :: resource:///modules/BrowserGlue.jsm :: _onQuitApplicationGranted/tasks< :: line 1969\"  data: no]"
1655738475711	Marionette	INFO	Stopped listening on port 39861
console.warn: TopSitesFeed: Failed to fetch data from Contile server: NetworkError when attempting to fetch resource.
1655738475840	geckodriver::marionette	ERROR	Failed to close browser connection: Socket not connected (os error 107)
[2022-06-20T15:21:15Z ERROR glean] Can't persist ping lifetime data: Error { kind: Rkv(IoError(Os { code: 2, kind: NotFound, message: "No such file or directory" })) }

###!!! [Parent][PImageBridgeParent] Error: RunMessage(msgname=PImageBridge::Msg_WillClose) Channel closing: too late to send/recv, messages will be lost

1655738484835	geckodriver	INFO	Listening on 127.0.0.1:47411
1655738484838	mozrunner::runner	INFO	Running command: "/usr/bin/firefox" "--marionette" "--remote-debugging-port" "57335" "--remote-allow-hosts" "localhost" "-no-remote" "-profile" "/tmp/rust_mozprofileL3aBiq"
ATTENTION: default value of option mesa_glthread overridden by environment.
ATTENTION: default value of option mesa_glthread overridden by environment.
ATTENTION: default value of option mesa_glthread overridden by environment.
ATTENTION: default value of option mesa_glthread overridden by environment.
1655738485414	Marionette	INFO	Marionette enabled
WebDriver BiDi listening on ws://localhost:57335
console.warn: SearchSettings: "get: No settings file exists, new profile?" (new NotFoundError("Could not open the file at /tmp/rust_mozprofileL3aBiq/search.json.mozlz4", (void 0)))
Missing chrome or resource URL: resource://gre/modules/UpdateListener.jsm
1655738486129	Marionette	INFO	Listening on port 38369
Read port: 38369
DevTools listening on ws://localhost:57335/devtools/browser/ca6e6d38-d772-4452-a097-8ca49bdd43c9
1655738486150	RemoteAgent	WARN	TLS certificate errors will be ignored for this session
Missing chrome or resource URL: resource://gre/modules/UpdateListener.jsm
console.error: "Error during quit-application-granted: [Exception... \"File error: Not found\"  nsresult: \"0x80520012 (NS_ERROR_FILE_NOT_FOUND)\"  location: \"JS frame :: resource:///modules/BrowserGlue.jsm :: _onQuitApplicationGranted/tasks< :: line 1969\"  data: no]"
1655738490698	Marionette	INFO	Stopped listening on port 38369

###!!! [Child][PContentChild] Error: RunMessage(msgname=PHttpChannel::Msg_DeleteSelf) Channel closing: too late to send/recv, messages will be lost

console.warn: TopSitesFeed: Failed to fetch data from Contile server: NetworkError when attempting to fetch resource.

###!!! [Parent][PImageBridgeParent] Error: RunMessage(msgname=PImageBridge::Msg_WillClose) Channel closing: too late to send/recv, messages will be lost

1655738503085	geckodriver	INFO	Listening on 127.0.0.1:58743
1655738503089	mozrunner::runner	INFO	Running command: "/usr/bin/firefox" "--marionette" "--remote-debugging-port" "58309" "--remote-allow-hosts" "localhost" "-no-remote" "-profile" "/tmp/rust_mozprofile8fvrcA"
ATTENTION: default value of option mesa_glthread overridden by environment.
ATTENTION: default value of option mesa_glthread overridden by environment.
ATTENTION: default value of option mesa_glthread overridden by environment.
ATTENTION: default value of option mesa_glthread overridden by environment.
1655738503604	Marionette	INFO	Marionette enabled
WebDriver BiDi listening on ws://localhost:58309
console.warn: SearchSettings: "get: No settings file exists, new profile?" (new NotFoundError("Could not open the file at /tmp/rust_mozprofile8fvrcA/search.json.mozlz4", (void 0)))
Missing chrome or resource URL: resource://gre/modules/UpdateListener.jsm
1655738504333	Marionette	INFO	Listening on port 39589
DevTools listening on ws://localhost:58309/devtools/browser/4302d4cb-0cba-49e5-ba62-ecf3460c2182
Read port: 39589
1655738504410	RemoteAgent	WARN	TLS certificate errors will be ignored for this session
Missing chrome or resource URL: resource://gre/modules/UpdateListener.jsm
console.error: "Error during quit-application-granted: [Exception... \"File error: Not found\"  nsresult: \"0x80520012 (NS_ERROR_FILE_NOT_FOUND)\"  location: \"JS frame :: resource:///modules/BrowserGlue.jsm :: _onQuitApplicationGranted/tasks< :: line 1969\"  data: no]"
1655738510546	Marionette	INFO	Stopped listening on port 39589
console.warn: TopSitesFeed: Failed to fetch data from Contile server: NetworkError when attempting to fetch resource.
Sandbox: Unexpected EOF, op 0 flags 00 path /proc/cpuinfo
1655738547585	geckodriver	INFO	Listening on 127.0.0.1:42647
1655738547589	mozrunner::runner	INFO	Running command: "/usr/bin/firefox" "--marionette" "--remote-debugging-port" "48459" "--remote-allow-hosts" "localhost" "-no-remote" "-profile" "/tmp/rust_mozprofileAmdt5t"
ATTENTION: default value of option mesa_glthread overridden by environment.
ATTENTION: default value of option mesa_glthread overridden by environment.
ATTENTION: default value of option mesa_glthread overridden by environment.
ATTENTION: default value of option mesa_glthread overridden by environment.
1655738548119	Marionette	INFO	Marionette enabled
WebDriver BiDi listening on ws://localhost:48459
console.warn: SearchSettings: "get: No settings file exists, new profile?" (new NotFoundError("Could not open the file at /tmp/rust_mozprofileAmdt5t/search.json.mozlz4", (void 0)))
Missing chrome or resource URL: resource://gre/modules/UpdateListener.jsm
1655738548928	Marionette	INFO	Listening on port 42747
DevTools listening on ws://localhost:48459/devtools/browser/78cfdfa1-bbfa-4937-a866-b8c9c62f919a
Read port: 42747
1655738549003	RemoteAgent	WARN	TLS certificate errors will be ignored for this session
Missing chrome or resource URL: resource://gre/modules/UpdateListener.jsm
console.error: "Error during quit-application-granted: [Exception... \"File error: Not found\"  nsresult: \"0x80520012 (NS_ERROR_FILE_NOT_FOUND)\"  location: \"JS frame :: resource:///modules/BrowserGlue.jsm :: _onQuitApplicationGranted/tasks< :: line 1969\"  data: no]"
1655738551597	Marionette	INFO	Stopped listening on port 42747
console.warn: TopSitesFeed: Failed to fetch data from Contile server: NetworkError when attempting to fetch resource.
!!! error running onStopped callback: TypeError: callback is not a function
JavaScript error: chrome://remote/content/marionette/cert.js, line 55: NS_ERROR_NOT_AVAILABLE: Component returned failure code: 0x80040111 (NS_ERROR_NOT_AVAILABLE) [nsICertOverrideService.setDisableAllSecurityChecksAndLetAttackersInterceptMyData]
1655738551657	RemoteAgent	ERROR	unable to stop listener: [Exception... "Component returned failure code: 0x80040111 (NS_ERROR_NOT_AVAILABLE) [nsICertOverrideService.setDisableAllSecurityChecksAndLetAttackersInterceptMyData]"  nsresult: "0x80040111 (NS_ERROR_NOT_AVAILABLE)"  location: "JS frame :: chrome://remote/content/marionette/cert.js :: allowAllCerts.disable :: line 55"  data: no] Stack trace: allowAllCerts.disable()@cert.js:55
destroy()@Session.jsm:202
deleteSession()@WebDriverBiDi.jsm:143
stop()@WebDriverBiDi.jsm:218
observe()@resource://gre/modules/AsyncShutdown.jsm:575
Sandbox: Unexpected EOF, op 0 flags 00 path /proc/cpuinfo
1656679019336	geckodriver	INFO	Listening on 127.0.0.1:44177
1656679019340	mozrunner::runner	INFO	Running command: "/usr/bin/firefox" "--marionette" "--remote-debugging-port" "58733" "--remote-allow-hosts" "localhost" "-no-remote" "-profile" "/tmp/rust_mozprofileJzzbWa"
ATTENTION: default value of option mesa_glthread overridden by environment.
ATTENTION: default value of option mesa_glthread overridden by environment.
ATTENTION: default value of option mesa_glthread overridden by environment.
ATTENTION: default value of option mesa_glthread overridden by environment.
1656679019880	Marionette	INFO	Marionette enabled
WebDriver BiDi listening on ws://localhost:58733
console.warn: SearchSettings: "get: No settings file exists, new profile?" (new NotFoundError("Could not open the file at /tmp/rust_mozprofileJzzbWa/search.json.mozlz4", (void 0)))
Missing chrome or resource URL: resource://gre/modules/UpdateListener.jsm
1656679020622	Marionette	INFO	Listening on port 37979
Read port: 37979
DevTools listening on ws://localhost:58733/devtools/browser/159e5939-129a-4eae-86e1-a3d45a6c5c57
1656679020654	RemoteAgent	WARN	TLS certificate errors will be ignored for this session
Missing chrome or resource URL: resource://gre/modules/UpdateListener.jsm
console.error: "Error during quit-application-granted: [Exception... \"File error: Not found\"  nsresult: \"0x80520012 (NS_ERROR_FILE_NOT_FOUND)\"  location: \"JS frame :: resource:///modules/BrowserGlue.jsm :: _onQuitApplicationGranted/tasks< :: line 1969\"  data: no]"
1656679023134	Marionette	INFO	Stopped listening on port 37979
console.warn: TopSitesFeed: Failed to fetch data from Contile server: NetworkError when attempting to fetch resource.

###!!! [Parent][PImageBridgeParent] Error: RunMessage(msgname=PImageBridge::Msg_WillClose) Channel closing: too late to send/recv, messages will be lost

Sandbox: Unexpected EOF, op 0 flags 00 path /proc/cpuinfo
1656679023414	geckodriver::marionette	ERROR	Failed to close browser connection: Socket not connected (os error 107)
